<?xml version="1.0" encoding="UTF-8"?>
<!-- Generated by org.testng.reporters.JUnitReportReporter -->
<testsuite hostname="LAPTOP-379A2RE2" failures="0" tests="1" name="MouseAction.LoginPageTest" time="11.465" errors="0" timestamp="2022-02-03T01:03:56 IST" skipped="0">
  <testcase classname="MouseAction.LoginPageTest" name="loginTest" time="11.465"/>
  <system-out/>
</testsuite> <!-- MouseAction.LoginPageTest -->
