<?xml version="1.0" encoding="UTF-8"?>
<!-- Generated by org.testng.reporters.JUnitReportReporter -->
<testsuite hostname="LAPTOP-379A2RE2" failures="0" tests="2" name="datadriven.LoginPage" time="7.094" errors="0" timestamp="2022-02-02T23:08:12 IST" skipped="1">
  <testcase classname="datadriven.LoginPage" name="verifyTitle" time="7.094"/>
  <system-out/>
  <testcase classname="datadriven.LoginPage" name="loginpage" time="0.000">
    <skipped/>
  </testcase> <!-- loginpage -->
  <system-out/>
</testsuite> <!-- datadriven.LoginPage -->
