<?xml version="1.0" encoding="UTF-8"?>
<!-- Generated by org.testng.reporters.JUnitReportReporter -->
<testsuite hostname="LAPTOP-379A2RE2" failures="0" tests="1" name="seleniumPractice.DataProvider1" time="0.000" errors="0" timestamp="2022-02-01T16:09:23 IST" skipped="1">
  <testcase classname="seleniumPractice.DataProvider1" name="loginpage" time="0.000">
    <skipped/>
  </testcase> <!-- loginpage -->
  <system-out/>
</testsuite> <!-- seleniumPractice.DataProvider1 -->
